<?xml version="1.0" encoding="UTF-8"?>
<!-- Generated by org.testng.reporters.JUnitReportReporter -->
<testsuite hostname="DESKTOP-LLI2U4Q" name="gitTest.GitTest" tests="1" failures="0" timestamp="28 Jul 2019 12:16:51 GMT" time="10.869" errors="0">
  <testcase name="loginTest" time="10.869" classname="gitTest.GitTest"/>
</testsuite> <!-- gitTest.GitTest -->
